<?xml version="1.0" encoding="UTF-8"?>
<!-- Generated by org.testng.reporters.JUnitReportReporter -->
<testsuite hostname="Katea-MIPro" failures="0" tests="4" name="com.breaktomake.MainTest" time="29.388" errors="0" timestamp="2025-03-17T19:22:43 CET" skipped="0">
  <testcase classname="com.breaktomake.MainTest" name="radioButton" time="14.829"/>
  <testcase classname="com.breaktomake.MainTest" name="testFormPractice" time="6.053"/>
  <testcase classname="com.breaktomake.MainTest" name="testWebForm" time="3.680"/>
  <testcase classname="com.breaktomake.MainTest" name="btnClick" time="4.826"/>
</testsuite> <!-- com.breaktomake.MainTest -->
