<?xml version="1.0" encoding="UTF-8"?>
<!-- Generated by org.testng.reporters.JUnitReportReporter -->
<testsuite hostname="Katea-MIPro" failures="0" tests="4" name="com.breaktomake.MainTest" time="9.614" errors="0" timestamp="2025-03-17T20:19:04 CET" skipped="3">
  <testcase classname="com.breaktomake.MainTest" name="testFormPractice" time="9.614"/>
  <testcase classname="com.breaktomake.MainTest" name="testWebForm">
    <skipped/>
  </testcase> <!-- testWebForm -->
  <testcase classname="com.breaktomake.MainTest" name="radioButton">
    <skipped/>
  </testcase> <!-- radioButton -->
  <testcase classname="com.breaktomake.MainTest" name="btnClick">
    <skipped/>
  </testcase> <!-- btnClick -->
</testsuite> <!-- com.breaktomake.MainTest -->
